[debug] [2023-09-24T19:21:21.213Z] ----------------------------------------------------------------------
[debug] [2023-09-24T19:21:21.214Z] Command:       /usr/local/bin/node /usr/local/bin/firebase deploy
[debug] [2023-09-24T19:21:21.214Z] CLI Version:   12.4.6
[debug] [2023-09-24T19:21:21.215Z] Platform:      darwin
[debug] [2023-09-24T19:21:21.215Z] Node Version:  v18.12.1
[debug] [2023-09-24T19:21:21.216Z] Time:          Sun Sep 24 2023 15:21:21 GMT-0400 (Eastern Daylight Time)
[debug] [2023-09-24T19:21:21.216Z] ----------------------------------------------------------------------
[debug] 
[debug] [2023-09-24T19:21:21.261Z] > command requires scopes: ["email","openid","https://www.googleapis.com/auth/cloudplatformprojects.readonly","https://www.googleapis.com/auth/firebase","https://www.googleapis.com/auth/cloud-platform"]
[debug] [2023-09-24T19:21:21.261Z] > authorizing via signed-in user (bigjmn@gmail.com)
[debug] [2023-09-24T19:21:21.261Z] [iam] checking project color-filler-8e01c for permissions ["firebase.projects.get","firebasehosting.sites.update"]
[debug] [2023-09-24T19:21:21.262Z] >>> [apiv2][query] POST https://cloudresourcemanager.googleapis.com/v1/projects/color-filler-8e01c:testIamPermissions [none]
[debug] [2023-09-24T19:21:21.263Z] >>> [apiv2][(partial)header] POST https://cloudresourcemanager.googleapis.com/v1/projects/color-filler-8e01c:testIamPermissions x-goog-quota-user=projects/color-filler-8e01c
[debug] [2023-09-24T19:21:21.263Z] >>> [apiv2][body] POST https://cloudresourcemanager.googleapis.com/v1/projects/color-filler-8e01c:testIamPermissions {"permissions":["firebase.projects.get","firebasehosting.sites.update"]}
[debug] [2023-09-24T19:21:21.538Z] <<< [apiv2][status] POST https://cloudresourcemanager.googleapis.com/v1/projects/color-filler-8e01c:testIamPermissions 200
[debug] [2023-09-24T19:21:21.538Z] <<< [apiv2][body] POST https://cloudresourcemanager.googleapis.com/v1/projects/color-filler-8e01c:testIamPermissions {"permissions":["firebase.projects.get","firebasehosting.sites.update"]}
[debug] [2023-09-24T19:21:21.540Z] >>> [apiv2][query] GET https://firebase.googleapis.com/v1beta1/projects/color-filler-8e01c [none]
[debug] [2023-09-24T19:21:21.867Z] <<< [apiv2][status] GET https://firebase.googleapis.com/v1beta1/projects/color-filler-8e01c 200
[debug] [2023-09-24T19:21:21.868Z] <<< [apiv2][body] GET https://firebase.googleapis.com/v1beta1/projects/color-filler-8e01c {"projectId":"color-filler-8e01c","projectNumber":"1031412285303","displayName":"color-filler","name":"projects/color-filler-8e01c","resources":{"hostingSite":"color-filler-8e01c"},"state":"ACTIVE","etag":"1_f1b2576a-48c2-48c5-8977-d322cac04008"}
[debug] [2023-09-24T19:21:23.003Z] defaultcredentials: writing to file /Users/jessenicholas/.config/firebase/bigjmn_gmail_com_application_default_credentials.json
[info] 
   Thank you for trying our early preview of Next.js support on Firebase Hosting.
   During the preview, support is best-effort and breaking changes can be expected. Proceed with caution.

   Documentation: https://firebase.google.com/docs/hosting/frameworks/nextjs
   File a bug: https://github.com/firebase/firebase-tools/issues/new?template=bug_report.md
   Submit a feature request: https://github.com/firebase/firebase-tools/issues/new?template=feature_request.md

   We'd love to learn from you. Express your interest in helping us shape the future of Firebase Hosting: https://goo.gle/41enW5X

[info]    Creating an optimized production build...

[info]  ✓ Compiled successfully

[info]    Linting and checking validity of types...

[info]    Collecting page data...

[info]    Generating static pages (0/5)...

[info]    Generating static pages (1/5)


[info]    Generating static pages (2/5)


[info]    Generating static pages (3/5)


[info]  ✓ Generating static pages (5/5)

[info]    Finalizing page optimization...

[info] 

[info] Route (app)                              Size     First Load JS
┌ λ /                                    34.3 kB         114 kB
└ λ /_not-found                          878 B          80.1 kB
+ First Load JS shared by all            79.2 kB
  ├ chunks/864-cebff875608625eb.js       26.5 kB
  ├ chunks/fd9d1056-7e4c3ee0dd01b0b9.js  50.8 kB
  ├ chunks/main-app-deccc6d092cac32a.js  223 B
  └ chunks/webpack-f9b03da78506df39.js   1.64 kB


[info] 
λ  (Server)  server-side renders at runtime (uses getInitialProps or getServerSideProps)


[debug] [2023-09-24T19:21:33.168Z] TypeError: Cannot destructure property 'customConfig' of '(intermediate value)(intermediate value)(intermediate value)' as it is null.
    at loadConfig (/Users/jessenicholas/code/projects/colorfill-game/node_modules/next/dist/server/config.js:569:41)
    at getConfig (/usr/local/lib/node_modules/firebase-tools/lib/frameworks/next/index.js:390:28)
    at build (/usr/local/lib/node_modules/firebase-tools/lib/frameworks/next/index.js:67:65)
    at process.processTicksAndRejections (node:internal/process/task_queues:95:5)
    at async prepareFrameworks (/usr/local/lib/node_modules/firebase-tools/lib/frameworks/index.js:216:33)
    at async deploy (/usr/local/lib/node_modules/firebase-tools/lib/deploy/index.js:55:13)
[error] 
[error] Error: An unexpected error has occurred.
